C51 COMPILER V9.52.0.0   AIRPORT                                                           12/04/2015 12:23:14 PAGE 1   


C51 COMPILER V9.52.0.0, COMPILATION OF MODULE AIRPORT
OBJECT MODULE PLACED IN airport.OBJ
COMPILER INVOKED BY: C:\Keil\C51\BIN\C51.EXE airport.c BROWSE DEBUG OBJECTEXTEND TABS(2)

line level    source

   1          #include <reg52.h>
   2          #include <stdio.h>
   3          #include <stdlib.h>
   4          #include "ioconfig.h"
   5          #include "delay.h"
   6          #include "buzzer.h"
   7          #include "lcd.h"
   8          #include "time.h"
   9          #include "schedule.h"
  10          
  11          void main()
  12          {
  13   1        Init();
  14   1        P2 = 0;
  15   1        BUZZER = 1;
  16   1        while(1)
  17   1        {
  18   2          WriteTxtLcd("TIME: ",1,1);
  19   2          WriteTxtLcd("PLANE NOW: ",2,1);
  20   2          RunSchedule();
  21   2        
  22   2        }
  23   1      }


MODULE INFORMATION:   STATIC OVERLAYABLE
   CODE SIZE        =   1066    ----
   CONSTANT SIZE    =    192    ----
   XDATA SIZE       =   ----    ----
   PDATA SIZE       =   ----    ----
   DATA SIZE        =      6     106
   IDATA SIZE       =   ----    ----
   BIT SIZE         =   ----    ----
END OF MODULE INFORMATION.


C51 COMPILATION COMPLETE.  0 WARNING(S),  0 ERROR(S)
